<?xml version="1.0" encoding="UTF-8"?>
<!-- Generated by org.testng.reporters.JUnitReportReporter -->
<testsuite hostname="DESKTOP-NJQ6C4S" failures="0" tests="1" name="com.testleaf.Edit" time="4.961" errors="0" timestamp="2021-04-02T02:19:11 IST" skipped="0">
  <testcase classname="com.testleaf.Edit" name="test" time="4.961"/>
  <system-out/>
</testsuite> <!-- com.testleaf.Edit -->
